<?xml version="1.0" encoding="UTF-8"?>
<!-- Generated by org.testng.reporters.JUnitReportReporter -->
<testsuite hostname="DESKTOP-181TTAT" failures="0" tests="9" name="testCases.Queue" time="108.459" errors="0" timestamp="2025-08-06T01:50:03 GMT-04:00" skipped="0">
  <testcase classname="testCases.Queue" name="open_queue_page" time="21.228"/>
  <system-out/>
  <testcase classname="testCases.Queue" name="open_queue_page" time="7.273"/>
  <system-out/>
  <testcase classname="testCases.Queue" name="open_queue_page" time="10.948"/>
  <system-out/>
  <testcase classname="testCases.Queue" name="queueImplementation" time="12.925"/>
  <system-out/>
  <testcase classname="testCases.Queue" name="queueImplementation" time="10.264"/>
  <system-out/>
  <testcase classname="testCases.Queue" name="queueImplementation" time="10.951"/>
  <system-out/>
  <testcase classname="testCases.Queue" name="queueImplementationCodeEditor" time="13.909"/>
  <system-out/>
  <testcase classname="testCases.Queue" name="queueImplementationCodeEditor" time="10.009"/>
  <system-out/>
  <testcase classname="testCases.Queue" name="queueImplementationCodeEditor" time="10.952"/>
  <system-out/>
</testsuite> <!-- testCases.Queue -->
