<?xml version="1.0" encoding="UTF-8"?>
<!-- Generated by org.testng.reporters.JUnitReportReporter -->
<testsuite hostname="DESKTOP-181TTAT" failures="0" tests="6" name="testCases.Queue" time="5.626" errors="0" timestamp="2025-08-04T15:52:55 GMT-04:00" skipped="0">
  <testcase classname="testCases.Queue" name="queueImplementation" time="0.578"/>
  <system-out/>
  <testcase classname="testCases.Queue" name="queueImplementation" time="1.277"/>
  <system-out/>
  <testcase classname="testCases.Queue" name="queueImplementation" time="1.278"/>
  <system-out/>
  <testcase classname="testCases.Queue" name="queueImplementationCodeEditor" time="0.771"/>
  <system-out/>
  <testcase classname="testCases.Queue" name="queueImplementationCodeEditor" time="0.858"/>
  <system-out/>
  <testcase classname="testCases.Queue" name="queueImplementationCodeEditor" time="0.864"/>
  <system-out/>
</testsuite> <!-- testCases.Queue -->
