<?xml version="1.0" encoding="UTF-8"?>
<!-- Generated by org.testng.reporters.JUnitReportReporter -->
<testsuite hostname="Yuvaraj" failures="0" tests="2" name="testCases.QueueTest" time="15.492" errors="0" timestamp="2025-08-18T21:47:49 EDT" skipped="0">
  <testcase classname="testCases.QueueTest" name="queueTryingValidAndInvalidCode" time="5.904"/>
  <system-out/>
  <testcase classname="testCases.QueueTest" name="queueTryingValidAndInvalidCode" time="9.588"/>
  <system-out/>
</testsuite> <!-- testCases.QueueTest -->
