<?xml version="1.0" encoding="UTF-8"?>
<!-- Generated by org.testng.reporters.JUnitReportReporter -->
<testsuite hostname="DESKTOP-181TTAT" failures="0" tests="9" name="testCases.Queue" time="58.731" errors="0" timestamp="2025-08-14T16:24:20 GMT-04:00" skipped="0">
  <testcase classname="testCases.Queue" name="open_queue_page" time="4.347"/>
  <system-out/>
  <testcase classname="testCases.Queue" name="open_queue_page" time="4.396"/>
  <system-out/>
  <testcase classname="testCases.Queue" name="open_queue_page" time="10.379"/>
  <system-out/>
  <testcase classname="testCases.Queue" name="queueImplementation" time="10.671"/>
  <system-out/>
  <testcase classname="testCases.Queue" name="queueImplementation" time="5.365"/>
  <system-out/>
  <testcase classname="testCases.Queue" name="queueImplementation" time="5.575"/>
  <system-out/>
  <testcase classname="testCases.Queue" name="queueImplementationCodeEditor" time="5.783"/>
  <system-out/>
  <testcase classname="testCases.Queue" name="queueImplementationCodeEditor" time="5.945"/>
  <system-out/>
  <testcase classname="testCases.Queue" name="queueImplementationCodeEditor" time="6.270"/>
  <system-out/>
</testsuite> <!-- testCases.Queue -->
