<?xml version="1.0" encoding="UTF-8"?>
<!-- Generated by org.testng.reporters.JUnitReportReporter -->
<testsuite hostname="DESKTOP-181TTAT" failures="0" tests="9" name="testCases.Queue" time="54.451" errors="0" timestamp="2025-08-11T00:38:47 GMT-04:00" skipped="0">
  <testcase classname="testCases.Queue" name="open_queue_page" time="4.339"/>
  <system-out/>
  <testcase classname="testCases.Queue" name="open_queue_page" time="7.063"/>
  <system-out/>
  <testcase classname="testCases.Queue" name="open_queue_page" time="4.265"/>
  <system-out/>
  <testcase classname="testCases.Queue" name="queueImplementation" time="4.678"/>
  <system-out/>
  <testcase classname="testCases.Queue" name="queueImplementation" time="4.624"/>
  <system-out/>
  <testcase classname="testCases.Queue" name="queueImplementation" time="8.374"/>
  <system-out/>
  <testcase classname="testCases.Queue" name="queueImplementationCodeEditor" time="5.455"/>
  <system-out/>
  <testcase classname="testCases.Queue" name="queueImplementationCodeEditor" time="9.976"/>
  <system-out/>
  <testcase classname="testCases.Queue" name="queueImplementationCodeEditor" time="5.677"/>
  <system-out/>
</testsuite> <!-- testCases.Queue -->
