<?xml version="1.0" encoding="UTF-8"?>
<!-- Generated by org.testng.reporters.JUnitReportReporter -->
<testsuite hostname="DESKTOP-181TTAT" failures="0" tests="9" name="testCases.Queue" time="126.253" errors="0" timestamp="2025-08-06T02:04:10 GMT-04:00" skipped="0">
  <testcase classname="testCases.Queue" name="open_queue_page" time="10.905"/>
  <system-out/>
  <testcase classname="testCases.Queue" name="open_queue_page" time="15.764"/>
  <system-out/>
  <testcase classname="testCases.Queue" name="open_queue_page" time="13.385"/>
  <system-out/>
  <testcase classname="testCases.Queue" name="queueImplementation" time="15.560"/>
  <system-out/>
  <testcase classname="testCases.Queue" name="queueImplementation" time="19.473"/>
  <system-out/>
  <testcase classname="testCases.Queue" name="queueImplementation" time="14.233"/>
  <system-out/>
  <testcase classname="testCases.Queue" name="queueImplementationCodeEditor" time="11.415"/>
  <system-out/>
  <testcase classname="testCases.Queue" name="queueImplementationCodeEditor" time="13.048"/>
  <system-out/>
  <testcase classname="testCases.Queue" name="queueImplementationCodeEditor" time="12.470"/>
  <system-out/>
</testsuite> <!-- testCases.Queue -->
