<?xml version="1.0" encoding="UTF-8"?>
<!-- Generated by org.testng.reporters.JUnitReportReporter -->
<testsuite hostname="DESKTOP-181TTAT" failures="0" tests="9" name="testCases.Queue" time="49.995" errors="0" timestamp="2025-08-07T11:05:37 GMT-04:00" skipped="0">
  <testcase classname="testCases.Queue" name="open_queue_page" time="6.275"/>
  <system-out/>
  <testcase classname="testCases.Queue" name="open_queue_page" time="4.262"/>
  <system-out/>
  <testcase classname="testCases.Queue" name="open_queue_page" time="3.187"/>
  <system-out/>
  <testcase classname="testCases.Queue" name="queueImplementation" time="4.010"/>
  <system-out/>
  <testcase classname="testCases.Queue" name="queueImplementation" time="4.580"/>
  <system-out/>
  <testcase classname="testCases.Queue" name="queueImplementation" time="10.315"/>
  <system-out/>
  <testcase classname="testCases.Queue" name="queueImplementationCodeEditor" time="7.632"/>
  <system-out/>
  <testcase classname="testCases.Queue" name="queueImplementationCodeEditor" time="4.592"/>
  <system-out/>
  <testcase classname="testCases.Queue" name="queueImplementationCodeEditor" time="5.142"/>
  <system-out/>
</testsuite> <!-- testCases.Queue -->
