<?xml version="1.0" encoding="UTF-8"?>
<!-- Generated by org.testng.reporters.JUnitReportReporter -->
<testsuite hostname="DESKTOP-181TTAT" failures="0" tests="9" name="testCases.Queue" time="55.970" errors="0" timestamp="2025-08-12T08:32:29 GMT-04:00" skipped="0">
  <testcase classname="testCases.Queue" name="open_queue_page" time="5.756"/>
  <system-out/>
  <testcase classname="testCases.Queue" name="open_queue_page" time="5.237"/>
  <system-out/>
  <testcase classname="testCases.Queue" name="open_queue_page" time="3.470"/>
  <system-out/>
  <testcase classname="testCases.Queue" name="queueImplementation" time="5.340"/>
  <system-out/>
  <testcase classname="testCases.Queue" name="queueImplementation" time="5.120"/>
  <system-out/>
  <testcase classname="testCases.Queue" name="queueImplementation" time="8.749"/>
  <system-out/>
  <testcase classname="testCases.Queue" name="queueImplementationCodeEditor" time="5.689"/>
  <system-out/>
  <testcase classname="testCases.Queue" name="queueImplementationCodeEditor" time="5.109"/>
  <system-out/>
  <testcase classname="testCases.Queue" name="queueImplementationCodeEditor" time="11.500"/>
  <system-out/>
</testsuite> <!-- testCases.Queue -->
