<?xml version="1.0" encoding="UTF-8"?>
<!-- Generated by org.testng.reporters.JUnitReportReporter -->
<testsuite hostname="DESKTOP-181TTAT" failures="0" tests="9" name="testCases.Queue" time="85.129" errors="0" timestamp="2025-08-07T00:20:34 GMT-04:00" skipped="0">
  <testcase classname="testCases.Queue" name="open_queue_page" time="6.918"/>
  <system-out/>
  <testcase classname="testCases.Queue" name="open_queue_page" time="12.544"/>
  <system-out/>
  <testcase classname="testCases.Queue" name="open_queue_page" time="6.154"/>
  <system-out/>
  <testcase classname="testCases.Queue" name="queueImplementation" time="7.523"/>
  <system-out/>
  <testcase classname="testCases.Queue" name="queueImplementation" time="7.729"/>
  <system-out/>
  <testcase classname="testCases.Queue" name="queueImplementation" time="15.401"/>
  <system-out/>
  <testcase classname="testCases.Queue" name="queueImplementationCodeEditor" time="12.073"/>
  <system-out/>
  <testcase classname="testCases.Queue" name="queueImplementationCodeEditor" time="8.488"/>
  <system-out/>
  <testcase classname="testCases.Queue" name="queueImplementationCodeEditor" time="8.299"/>
  <system-out/>
</testsuite> <!-- testCases.Queue -->
