<?xml version="1.0" encoding="UTF-8"?>
<!-- Generated by org.testng.reporters.JUnitReportReporter -->
<testsuite hostname="DESKTOP-181TTAT" failures="0" tests="9" name="testCases.Queue" time="53.104" errors="0" timestamp="2025-08-10T02:09:21 GMT-04:00" skipped="0">
  <testcase classname="testCases.Queue" name="open_queue_page" time="3.840"/>
  <system-out/>
  <testcase classname="testCases.Queue" name="open_queue_page" time="3.846"/>
  <system-out/>
  <testcase classname="testCases.Queue" name="open_queue_page" time="8.659"/>
  <system-out/>
  <testcase classname="testCases.Queue" name="queueImplementation" time="7.716"/>
  <system-out/>
  <testcase classname="testCases.Queue" name="queueImplementation" time="4.473"/>
  <system-out/>
  <testcase classname="testCases.Queue" name="queueImplementation" time="4.609"/>
  <system-out/>
  <testcase classname="testCases.Queue" name="queueImplementationCodeEditor" time="5.242"/>
  <system-out/>
  <testcase classname="testCases.Queue" name="queueImplementationCodeEditor" time="5.594"/>
  <system-out/>
  <testcase classname="testCases.Queue" name="queueImplementationCodeEditor" time="9.125"/>
  <system-out/>
</testsuite> <!-- testCases.Queue -->
