<?xml version="1.0" encoding="UTF-8"?>
<!-- Generated by org.testng.reporters.JUnitReportReporter -->
<testsuite hostname="DESKTOP-181TTAT" failures="0" tests="1" name="testCases.QueueTest" time="4.975" errors="0" timestamp="2025-08-18T12:08:34 GMT-04:00" skipped="0">
  <testcase classname="testCases.QueueTest" name="queueImplementation" time="4.975"/>
  <system-out/>
</testsuite> <!-- testCases.QueueTest -->
