<?xml version="1.0" encoding="UTF-8"?>
<!-- Generated by org.testng.reporters.JUnitReportReporter -->
<testsuite hostname="DESKTOP-181TTAT" failures="3" tests="48" name="testCases.Queue" time="297.993" errors="0" timestamp="2025-08-14T23:56:24 GMT-04:00" skipped="9">
  <testcase classname="testCases.Queue" name="open_queue_page" time="4.883"/>
  <system-out/>
  <testcase classname="testCases.Queue" name="open_queue_page" time="4.058"/>
  <system-out/>
  <testcase classname="testCases.Queue" name="open_queue_page" time="8.234"/>
  <system-out/>
  <testcase classname="testCases.Queue" name="queueImplementation" time="4.762"/>
  <system-out/>
  <testcase classname="testCases.Queue" name="queueImplementation" time="4.881"/>
  <system-out/>
  <testcase classname="testCases.Queue" name="queueImplementation" time="9.049"/>
  <system-out/>
  <testcase classname="testCases.Queue" name="queueImplementationCodeEditor" time="6.144"/>
  <system-out/>
  <testcase classname="testCases.Queue" name="queueImplementationCodeEditor" time="6.069"/>
  <system-out/>
  <testcase classname="testCases.Queue" name="queueImplementationCodeEditor" time="5.334"/>
  <system-out/>
  <testcase classname="testCases.Queue" name="queueTryingEmptyEditor" time="6.440">
    <failure message="Failing this test case to show the bug which is, no alert message comes up when clicking on run button without entering anhy code in it" type="java.lang.AssertionError">
      <![CDATA[java.lang.AssertionError: Failing this test case to show the bug which is, no alert message comes up when clicking on run button without entering anhy code in it
at org.testng.Assert.fail(Assert.java:110)
at testCases.Queue.queueTryingEmptyEditor(Queue.java:71)
at java.base/jdk.internal.reflect.DirectMethodHandleAccessor.invoke(DirectMethodHandleAccessor.java:103)
at java.base/java.lang.reflect.Method.invoke(Method.java:580)
at org.testng.internal.invokers.MethodInvocationHelper.invokeMethod(MethodInvocationHelper.java:139)
at org.testng.internal.invokers.TestInvoker.invokeMethod(TestInvoker.java:677)
at org.testng.internal.invokers.TestInvoker.retryFailed(TestInvoker.java:263)
at org.testng.internal.invokers.MethodRunner.runInSequence(MethodRunner.java:62)
at org.testng.internal.invokers.TestInvoker$MethodInvocationAgent.invoke(TestInvoker.java:969)
at org.testng.internal.invokers.TestInvoker.invokeTestMethods(TestInvoker.java:194)
at org.testng.internal.invokers.TestMethodWorker.invokeTestMethods(TestMethodWorker.java:148)
at org.testng.internal.invokers.TestMethodWorker.run(TestMethodWorker.java:128)
at java.base/java.util.ArrayList.forEach(ArrayList.java:1596)
at org.testng.TestRunner.privateRun(TestRunner.java:829)
at org.testng.TestRunner.run(TestRunner.java:602)
at org.testng.SuiteRunner.runTest(SuiteRunner.java:437)
at org.testng.SuiteRunner$SuiteWorker.run(SuiteRunner.java:475)
at org.testng.internal.thread.ThreadUtil.lambda$execute$0(ThreadUtil.java:58)
at java.base/java.util.concurrent.FutureTask.run(FutureTask.java:317)
at java.base/java.util.concurrent.ThreadPoolExecutor.runWorker(ThreadPoolExecutor.java:1144)
at java.base/java.util.concurrent.ThreadPoolExecutor$Worker.run(ThreadPoolExecutor.java:642)
at java.base/java.lang.Thread.run(Thread.java:1583)
]]>
    </failure>
  </testcase> <!-- queueTryingEmptyEditor -->
  <system-out/>
  <testcase classname="testCases.Queue" name="queueTryingEmptyEditor" time="6.254">
    <skipped/>
  </testcase> <!-- queueTryingEmptyEditor -->
  <system-out/>
  <testcase classname="testCases.Queue" name="queueTryingEmptyEditor" time="5.981">
    <skipped/>
  </testcase> <!-- queueTryingEmptyEditor -->
  <system-out/>
  <testcase classname="testCases.Queue" name="queueTryingEmptyEditor" time="6.106">
    <skipped/>
  </testcase> <!-- queueTryingEmptyEditor -->
  <system-out/>
  <testcase classname="testCases.Queue" name="queueTryingEmptyEditor" time="8.217">
    <skipped/>
  </testcase> <!-- queueTryingEmptyEditor -->
  <system-out/>
  <testcase classname="testCases.Queue" name="queueTryingEmptyEditor" time="5.945">
    <skipped/>
  </testcase> <!-- queueTryingEmptyEditor -->
  <system-out/>
  <testcase classname="testCases.Queue" name="queueTryingEmptyEditor" time="8.165">
    <skipped/>
  </testcase> <!-- queueTryingEmptyEditor -->
  <system-out/>
  <testcase classname="testCases.Queue" name="queueTryingEmptyEditor" time="5.473">
    <skipped/>
  </testcase> <!-- queueTryingEmptyEditor -->
  <system-out/>
  <testcase classname="testCases.Queue" name="queueTryingEmptyEditor" time="5.298">
    <skipped/>
  </testcase> <!-- queueTryingEmptyEditor -->
  <system-out/>
  <testcase classname="testCases.Queue" name="queueTryingEmptyEditor" time="5.214">
    <failure message="Failing this test case to show the bug which is, no alert message comes up when clicking on run button without entering anhy code in it" type="java.lang.AssertionError">
      <![CDATA[java.lang.AssertionError: Failing this test case to show the bug which is, no alert message comes up when clicking on run button without entering anhy code in it
at org.testng.Assert.fail(Assert.java:110)
at testCases.Queue.queueTryingEmptyEditor(Queue.java:71)
at java.base/jdk.internal.reflect.DirectMethodHandleAccessor.invoke(DirectMethodHandleAccessor.java:103)
at java.base/java.lang.reflect.Method.invoke(Method.java:580)
at org.testng.internal.invokers.MethodInvocationHelper.invokeMethod(MethodInvocationHelper.java:139)
at org.testng.internal.invokers.TestInvoker.invokeMethod(TestInvoker.java:677)
at org.testng.internal.invokers.TestInvoker.retryFailed(TestInvoker.java:263)
at org.testng.internal.invokers.MethodRunner.runInSequence(MethodRunner.java:62)
at org.testng.internal.invokers.TestInvoker$MethodInvocationAgent.invoke(TestInvoker.java:969)
at org.testng.internal.invokers.TestInvoker.invokeTestMethods(TestInvoker.java:194)
at org.testng.internal.invokers.TestMethodWorker.invokeTestMethods(TestMethodWorker.java:148)
at org.testng.internal.invokers.TestMethodWorker.run(TestMethodWorker.java:128)
at java.base/java.util.ArrayList.forEach(ArrayList.java:1596)
at org.testng.TestRunner.privateRun(TestRunner.java:829)
at org.testng.TestRunner.run(TestRunner.java:602)
at org.testng.SuiteRunner.runTest(SuiteRunner.java:437)
at org.testng.SuiteRunner$SuiteWorker.run(SuiteRunner.java:475)
at org.testng.internal.thread.ThreadUtil.lambda$execute$0(ThreadUtil.java:58)
at java.base/java.util.concurrent.FutureTask.run(FutureTask.java:317)
at java.base/java.util.concurrent.ThreadPoolExecutor.runWorker(ThreadPoolExecutor.java:1144)
at java.base/java.util.concurrent.ThreadPoolExecutor$Worker.run(ThreadPoolExecutor.java:642)
at java.base/java.lang.Thread.run(Thread.java:1583)
]]>
    </failure>
  </testcase> <!-- queueTryingEmptyEditor -->
  <system-out/>
  <testcase classname="testCases.Queue" name="queueTryingEmptyEditor" time="5.078">
    <failure message="Failing this test case to show the bug which is, no alert message comes up when clicking on run button without entering anhy code in it" type="java.lang.AssertionError">
      <![CDATA[java.lang.AssertionError: Failing this test case to show the bug which is, no alert message comes up when clicking on run button without entering anhy code in it
at org.testng.Assert.fail(Assert.java:110)
at testCases.Queue.queueTryingEmptyEditor(Queue.java:71)
at java.base/jdk.internal.reflect.DirectMethodHandleAccessor.invoke(DirectMethodHandleAccessor.java:103)
at java.base/java.lang.reflect.Method.invoke(Method.java:580)
at org.testng.internal.invokers.MethodInvocationHelper.invokeMethod(MethodInvocationHelper.java:139)
at org.testng.internal.invokers.TestInvoker.invokeMethod(TestInvoker.java:677)
at org.testng.internal.invokers.TestInvoker.retryFailed(TestInvoker.java:263)
at org.testng.internal.invokers.MethodRunner.runInSequence(MethodRunner.java:62)
at org.testng.internal.invokers.TestInvoker$MethodInvocationAgent.invoke(TestInvoker.java:969)
at org.testng.internal.invokers.TestInvoker.invokeTestMethods(TestInvoker.java:194)
at org.testng.internal.invokers.TestMethodWorker.invokeTestMethods(TestMethodWorker.java:148)
at org.testng.internal.invokers.TestMethodWorker.run(TestMethodWorker.java:128)
at java.base/java.util.ArrayList.forEach(ArrayList.java:1596)
at org.testng.TestRunner.privateRun(TestRunner.java:829)
at org.testng.TestRunner.run(TestRunner.java:602)
at org.testng.SuiteRunner.runTest(SuiteRunner.java:437)
at org.testng.SuiteRunner$SuiteWorker.run(SuiteRunner.java:475)
at org.testng.internal.thread.ThreadUtil.lambda$execute$0(ThreadUtil.java:58)
at java.base/java.util.concurrent.FutureTask.run(FutureTask.java:317)
at java.base/java.util.concurrent.ThreadPoolExecutor.runWorker(ThreadPoolExecutor.java:1144)
at java.base/java.util.concurrent.ThreadPoolExecutor$Worker.run(ThreadPoolExecutor.java:642)
at java.base/java.lang.Thread.run(Thread.java:1583)
]]>
    </failure>
  </testcase> <!-- queueTryingEmptyEditor -->
  <system-out/>
  <testcase classname="testCases.Queue" name="queueTryingEmptyEditor" time="12.610">
    <skipped/>
  </testcase> <!-- queueTryingEmptyEditor -->
  <system-out/>
  <testcase classname="testCases.Queue" name="queueTryingValidAndInvalidCode" time="7.721"/>
  <system-out/>
  <testcase classname="testCases.Queue" name="queueTryingValidAndInvalidCode" time="5.389"/>
  <system-out/>
  <testcase classname="testCases.Queue" name="queueTryingValidAndInvalidCode" time="5.436"/>
  <system-out/>
  <testcase classname="testCases.Queue" name="queueTryingValidAndInvalidCode" time="5.425"/>
  <system-out/>
  <testcase classname="testCases.Queue" name="queueTryingValidAndInvalidCode" time="9.942"/>
  <system-out/>
  <testcase classname="testCases.Queue" name="queueTryingValidAndInvalidCode" time="6.052"/>
  <system-out/>
  <testcase classname="testCases.Queue" name="queueImplementationUsingCollection" time="4.517"/>
  <system-out/>
  <testcase classname="testCases.Queue" name="queueImplementationUsingCollection" time="4.405"/>
  <system-out/>
  <testcase classname="testCases.Queue" name="queueImplementationUsingCollection" time="7.157"/>
  <system-out/>
  <testcase classname="testCases.Queue" name="queueImplementationUsingCollectionCodeEditor" time="4.733"/>
  <system-out/>
  <testcase classname="testCases.Queue" name="queueImplementationUsingCollectionCodeEditor" time="10.249"/>
  <system-out/>
  <testcase classname="testCases.Queue" name="queueImplementationUsingCollectionCodeEditor" time="6.601"/>
  <system-out/>
  <testcase classname="testCases.Queue" name="queueImplementationUsingArray" time="4.004"/>
  <system-out/>
  <testcase classname="testCases.Queue" name="queueImplementationUsingArray" time="4.894"/>
  <system-out/>
  <testcase classname="testCases.Queue" name="queueImplementationUsingArray" time="9.069"/>
  <system-out/>
  <testcase classname="testCases.Queue" name="queueImplementationUsingArrayCodeEditor" time="5.974"/>
  <system-out/>
  <testcase classname="testCases.Queue" name="queueImplementationUsingArrayCodeEditor" time="6.262"/>
  <system-out/>
  <testcase classname="testCases.Queue" name="queueImplementationUsingArrayCodeEditor" time="6.076"/>
  <system-out/>
  <testcase classname="testCases.Queue" name="queueOperations" time="10.899"/>
  <system-out/>
  <testcase classname="testCases.Queue" name="queueOperations" time="4.358"/>
  <system-out/>
  <testcase classname="testCases.Queue" name="queueOperations" time="4.214"/>
  <system-out/>
  <testcase classname="testCases.Queue" name="queueOperationsCodeEditor" time="6.066"/>
  <system-out/>
  <testcase classname="testCases.Queue" name="queueOperationsCodeEditor" time="4.854"/>
  <system-out/>
  <testcase classname="testCases.Queue" name="queueOperationsCodeEditor" time="5.088"/>
  <system-out/>
  <testcase classname="testCases.Queue" name="queueOpenPracticeQuestions" time="4.922"/>
  <system-out/>
  <testcase classname="testCases.Queue" name="queueOpenPracticeQuestions" time="5.401"/>
  <system-out/>
  <testcase classname="testCases.Queue" name="queueOpenPracticeQuestions" time="4.090"/>
  <system-out/>
</testsuite> <!-- testCases.Queue -->
