<?xml version="1.0" encoding="UTF-8"?>
<!-- Generated by org.testng.reporters.JUnitReportReporter -->
<testsuite hostname="DESKTOP-181TTAT" failures="0" tests="9" name="testCases.Queue" time="88.205" errors="0" timestamp="2025-08-11T20:42:06 GMT-04:00" skipped="0">
  <testcase classname="testCases.Queue" name="open_queue_page" time="11.599"/>
  <system-out/>
  <testcase classname="testCases.Queue" name="open_queue_page" time="6.456"/>
  <system-out/>
  <testcase classname="testCases.Queue" name="open_queue_page" time="6.673"/>
  <system-out/>
  <testcase classname="testCases.Queue" name="queueImplementation" time="9.040"/>
  <system-out/>
  <testcase classname="testCases.Queue" name="queueImplementation" time="13.123"/>
  <system-out/>
  <testcase classname="testCases.Queue" name="queueImplementation" time="7.355"/>
  <system-out/>
  <testcase classname="testCases.Queue" name="queueImplementationCodeEditor" time="17.656"/>
  <system-out/>
  <testcase classname="testCases.Queue" name="queueImplementationCodeEditor" time="9.278"/>
  <system-out/>
  <testcase classname="testCases.Queue" name="queueImplementationCodeEditor" time="7.025"/>
  <system-out/>
</testsuite> <!-- testCases.Queue -->
