<?xml version="1.0" encoding="UTF-8"?>
<!-- Generated by org.testng.reporters.JUnitReportReporter -->
<testsuite hostname="DESKTOP-181TTAT" failures="0" tests="9" name="testCases.Stack" time="124.241" errors="0" timestamp="2025-08-05T16:47:31 GMT-04:00" skipped="0">
  <testcase classname="testCases.Stack" name="open_stac_page" time="10.392"/>
  <system-out/>
  <testcase classname="testCases.Stack" name="open_stac_page" time="8.043"/>
  <system-out/>
  <testcase classname="testCases.Stack" name="open_stac_page" time="15.569"/>
  <system-out/>
  <testcase classname="testCases.Stack" name="stackOperations" time="12.850"/>
  <system-out/>
  <testcase classname="testCases.Stack" name="stackOperations" time="15.539"/>
  <system-out/>
  <testcase classname="testCases.Stack" name="stackOperations" time="10.847"/>
  <system-out/>
  <testcase classname="testCases.Stack" name="StackoperationsCodeEditor" time="21.842"/>
  <system-out/>
  <testcase classname="testCases.Stack" name="StackoperationsCodeEditor" time="14.452"/>
  <system-out/>
  <testcase classname="testCases.Stack" name="StackoperationsCodeEditor" time="14.707"/>
  <system-out/>
</testsuite> <!-- testCases.Stack -->
