<?xml version="1.0" encoding="UTF-8"?>
<!-- Generated by org.testng.reporters.JUnitReportReporter -->
<testsuite hostname="DESKTOP-181TTAT" failures="0" tests="2" name="testCases.Stack" time="10.660" errors="0" timestamp="2025-08-16T16:20:28 GMT-04:00" skipped="0">
  <testcase classname="testCases.Stack" name="StackTryingValidAndInvalidCode" time="4.430"/>
  <system-out/>
  <testcase classname="testCases.Stack" name="StackTryingValidAndInvalidCode" time="6.230"/>
  <system-out/>
</testsuite> <!-- testCases.Stack -->
