<?xml version="1.0" encoding="UTF-8"?>
<!-- Generated by org.testng.reporters.JUnitReportReporter -->
<testsuite hostname="DESKTOP-181TTAT" failures="0" tests="9" name="testCases.Queue" time="86.437" errors="0" timestamp="2025-08-07T00:31:58 GMT-04:00" skipped="0">
  <testcase classname="testCases.Queue" name="open_queue_page" time="6.977"/>
  <system-out/>
  <testcase classname="testCases.Queue" name="open_queue_page" time="7.671"/>
  <system-out/>
  <testcase classname="testCases.Queue" name="open_queue_page" time="17.108"/>
  <system-out/>
  <testcase classname="testCases.Queue" name="queueImplementation" time="7.507"/>
  <system-out/>
  <testcase classname="testCases.Queue" name="queueImplementation" time="8.255"/>
  <system-out/>
  <testcase classname="testCases.Queue" name="queueImplementation" time="9.977"/>
  <system-out/>
  <testcase classname="testCases.Queue" name="queueImplementationCodeEditor" time="8.618"/>
  <system-out/>
  <testcase classname="testCases.Queue" name="queueImplementationCodeEditor" time="8.494"/>
  <system-out/>
  <testcase classname="testCases.Queue" name="queueImplementationCodeEditor" time="11.830"/>
  <system-out/>
</testsuite> <!-- testCases.Queue -->
