<?xml version="1.0" encoding="UTF-8"?>
<!-- Generated by org.testng.reporters.JUnitReportReporter -->
<testsuite hostname="Yuvaraj" failures="0" tests="2" name="testCases.StackTest" time="17.282" errors="0" timestamp="2025-08-18T21:47:04 EDT" skipped="0">
  <testcase classname="testCases.StackTest" name="stackTryingValidAndInvalidCode" time="10.884"/>
  <system-out/>
  <testcase classname="testCases.StackTest" name="stackTryingValidAndInvalidCode" time="6.398"/>
  <system-out/>
</testsuite> <!-- testCases.StackTest -->
