<?xml version="1.0" encoding="UTF-8"?>
<!-- Generated by org.testng.reporters.JUnitReportReporter -->
<testsuite hostname="DESKTOP-181TTAT" failures="0" tests="9" name="testCases.Queue" time="93.659" errors="0" timestamp="2025-08-05T16:47:31 GMT-04:00" skipped="0">
  <testcase classname="testCases.Queue" name="open_queue_page" time="15.307"/>
  <system-out/>
  <testcase classname="testCases.Queue" name="open_queue_page" time="9.156"/>
  <system-out/>
  <testcase classname="testCases.Queue" name="open_queue_page" time="5.390"/>
  <system-out/>
  <testcase classname="testCases.Queue" name="queueImplementation" time="6.908"/>
  <system-out/>
  <testcase classname="testCases.Queue" name="queueImplementation" time="15.757"/>
  <system-out/>
  <testcase classname="testCases.Queue" name="queueImplementation" time="8.385"/>
  <system-out/>
  <testcase classname="testCases.Queue" name="queueImplementationCodeEditor" time="8.014"/>
  <system-out/>
  <testcase classname="testCases.Queue" name="queueImplementationCodeEditor" time="11.690"/>
  <system-out/>
  <testcase classname="testCases.Queue" name="queueImplementationCodeEditor" time="13.052"/>
  <system-out/>
</testsuite> <!-- testCases.Queue -->
