<?xml version="1.0" encoding="UTF-8"?>
<!-- Generated by org.testng.reporters.JUnitReportReporter -->
<testsuite hostname="DESKTOP-181TTAT" failures="0" tests="6" name="testCases.Stack" time="8.742" errors="0" timestamp="2025-08-04T15:52:55 GMT-04:00" skipped="0">
  <testcase classname="testCases.Stack" name="stackOperations" time="2.937"/>
  <system-out/>
  <testcase classname="testCases.Stack" name="stackOperations" time="0.678"/>
  <system-out/>
  <testcase classname="testCases.Stack" name="stackOperations" time="1.344"/>
  <system-out/>
  <testcase classname="testCases.Stack" name="StackoperationsCodeEditor" time="1.166"/>
  <system-out/>
  <testcase classname="testCases.Stack" name="StackoperationsCodeEditor" time="1.749"/>
  <system-out/>
  <testcase classname="testCases.Stack" name="StackoperationsCodeEditor" time="0.868"/>
  <system-out/>
</testsuite> <!-- testCases.Stack -->
