<?xml version="1.0" encoding="UTF-8"?>
<!-- Generated by org.testng.reporters.JUnitReportReporter -->
<testsuite hostname="DESKTOP-181TTAT" failures="0" tests="1" name="testCases.QueueTest" time="8.083" errors="0" timestamp="2025-08-17T18:47:30 GMT-04:00" skipped="0">
  <testcase classname="testCases.QueueTest" name="queueImplementationCodeEditor" time="8.083"/>
  <system-out/>
</testsuite> <!-- testCases.QueueTest -->
