<?xml version="1.0" encoding="UTF-8"?>
<!-- Generated by org.testng.reporters.JUnitReportReporter -->
<testsuite hostname="Sridhars-MacBook-Pro.local" failures="0" tests="42" name="testMethodsPackage.LinkedListTest" time="249.824" errors="0" timestamp="2025-08-12T12:09:45 MDT" skipped="0">
  <testcase classname="testMethodsPackage.LinkedListTest" name="verifyIntroPageTitle" time="6.052"/>
  <testcase classname="testMethodsPackage.LinkedListTest" name="verifyPracticeQuestionsPageTitle_Intro" time="4.836"/>
  <testcase classname="testMethodsPackage.LinkedListTest" name="verifytryEditorPageTitle_Intro" time="6.085"/>
  <testcase classname="testMethodsPackage.LinkedListTest" name="verifytryEditorforValidCode_Intro" time="7.027"/>
  <testcase classname="testMethodsPackage.LinkedListTest" name="verifytryEditorforInvalidCode_Intro" time="6.194"/>
  <testcase classname="testMethodsPackage.LinkedListTest" name="verifytryEditorforEmptyInput_Intro" time="6.323"/>
  <testcase classname="testMethodsPackage.LinkedListTest" name="verifycreateLinkedListPageTitle" time="5.253"/>
  <testcase classname="testMethodsPackage.LinkedListTest" name="verifyPracticeQuestionsPageTitle_CreateLinkedList" time="5.687"/>
  <testcase classname="testMethodsPackage.LinkedListTest" name="verifytryEditorPageTitle_CreateLinkedList" time="6.656"/>
  <testcase classname="testMethodsPackage.LinkedListTest" name="verifytryEditorforValidCode_CreateLinkedList" time="6.074"/>
  <testcase classname="testMethodsPackage.LinkedListTest" name="verifytryEditorforInvalidCode_CreateLinkedList" time="5.498"/>
  <testcase classname="testMethodsPackage.LinkedListTest" name="verifytryEditorforEmptyInput_CreateLinkedList" time="6.183"/>
  <testcase classname="testMethodsPackage.LinkedListTest" name="verifyTypesofLinkedListPageTitle" time="5.439"/>
  <testcase classname="testMethodsPackage.LinkedListTest" name="verifyPracticeQuestionsPageTitle_TypesofLinkedList" time="5.561"/>
  <testcase classname="testMethodsPackage.LinkedListTest" name="verifytryEditorPageTitle_TypesofLinkedList" time="6.229"/>
  <testcase classname="testMethodsPackage.LinkedListTest" name="verifytryEditorforValidCode_TypesofLinkedList" time="6.256"/>
  <testcase classname="testMethodsPackage.LinkedListTest" name="verifytryEditorforInvalidCode_TypesofLinkedList" time="6.162"/>
  <testcase classname="testMethodsPackage.LinkedListTest" name="verifytryEditorforEmptyInput_TypesofLinkedList" time="6.447"/>
  <testcase classname="testMethodsPackage.LinkedListTest" name="verifyImplementLinkedListPageTitle" time="5.138"/>
  <testcase classname="testMethodsPackage.LinkedListTest" name="verifyPracticeQuestionsPageTitle_ImplementLinkedList" time="5.524"/>
  <testcase classname="testMethodsPackage.LinkedListTest" name="verifytryEditorPageTitle_ImplementLinkedList" time="5.998"/>
  <testcase classname="testMethodsPackage.LinkedListTest" name="verifytryEditorforValidCode_ImplementLinkedList" time="6.054"/>
  <testcase classname="testMethodsPackage.LinkedListTest" name="verifytryEditorforInvalidCode_ImplementLinkedList" time="6.299"/>
  <testcase classname="testMethodsPackage.LinkedListTest" name="verifytryEditorforEmptyInput_ImplementLinkedList" time="6.193"/>
  <testcase classname="testMethodsPackage.LinkedListTest" name="verifyTraversalPageTitle" time="5.275"/>
  <testcase classname="testMethodsPackage.LinkedListTest" name="verifyPracticeQuestionsPageTitle_TraversalPage" time="5.418"/>
  <testcase classname="testMethodsPackage.LinkedListTest" name="verifytryEditorPageTitle_TraversalPage" time="6.108"/>
  <testcase classname="testMethodsPackage.LinkedListTest" name="verifytryEditorforValidCode_TraversalPage" time="6.131"/>
  <testcase classname="testMethodsPackage.LinkedListTest" name="verifytryEditorforInvalidCode_TraversalPage" time="6.112"/>
  <testcase classname="testMethodsPackage.LinkedListTest" name="verifytryEditorforEmptyInput_TraversalPage" time="6.260"/>
  <testcase classname="testMethodsPackage.LinkedListTest" name="verifyInsertionPageTitle" time="5.316"/>
  <testcase classname="testMethodsPackage.LinkedListTest" name="verifyPracticeQuestionsPageTitle_InsertionPage" time="5.576"/>
  <testcase classname="testMethodsPackage.LinkedListTest" name="verifytryEditorPageTitle_InsertionPage" time="6.033"/>
  <testcase classname="testMethodsPackage.LinkedListTest" name="verifytryEditorforValidCode_InsertionPage" time="5.608"/>
  <testcase classname="testMethodsPackage.LinkedListTest" name="verifytryEditorforInvalidCode_InsertionPage" time="6.116"/>
  <testcase classname="testMethodsPackage.LinkedListTest" name="verifytryEditorforEmptyInput_InsertionPagee" time="5.999"/>
  <testcase classname="testMethodsPackage.LinkedListTest" name="verifyDeletionPageTitle" time="5.183"/>
  <testcase classname="testMethodsPackage.LinkedListTest" name="verifyPracticeQuestionsPageTitle_DeletionPage" time="5.993"/>
  <testcase classname="testMethodsPackage.LinkedListTest" name="verifytryEditorPageTitle_DeletionPage" time="6.602"/>
  <testcase classname="testMethodsPackage.LinkedListTest" name="verifytryEditorforValidCode_DeletionPage" time="6.269"/>
  <testcase classname="testMethodsPackage.LinkedListTest" name="verifytryEditorforInvalidCode_DeletionPage" time="6.376"/>
  <testcase classname="testMethodsPackage.LinkedListTest" name="verifytryEditorforEmptyInput_DeletionPage" time="6.281"/>
</testsuite> <!-- testMethodsPackage.LinkedListTest -->
