<?xml version="1.0" encoding="UTF-8"?>
<!-- Generated by org.testng.reporters.JUnitReportReporter -->
<testsuite hostname="Sridhars-MacBook-Pro.local" failures="0" tests="1" name="testMethodsPackage.LinkedListTest" time="8.101" errors="0" timestamp="2025-08-06T12:15:45 MDT" skipped="0">
  <testcase classname="testMethodsPackage.LinkedListTest" name="verifytryEditorforInvalidCode_Intro" time="8.101"/>
</testsuite> <!-- testMethodsPackage.LinkedListTest -->
