<?xml version="1.0" encoding="UTF-8"?>
<!-- Generated by org.testng.reporters.JUnitReportReporter -->
<testsuite hostname="Sridhars-MacBook-Pro.local" failures="0" tests="1" name="testMethodsPackage.LinkedListTest" time="15.269" errors="0" timestamp="2025-08-13T09:11:03 MDT" skipped="0">
  <testcase classname="testMethodsPackage.LinkedListTest" name="verifyIntroPageTitle" time="15.269"/>
</testsuite> <!-- testMethodsPackage.LinkedListTest -->
