<?xml version="1.0" encoding="UTF-8"?>
<!-- Generated by org.testng.reporters.JUnitReportReporter -->
<testsuite hostname="Sridhars-MacBook-Pro.local" failures="0" tests="1" name="testMethodsPackage.LinkedListTest" time="8.082" errors="0" timestamp="2025-08-11T12:16:09 MDT" skipped="0">
  <testcase classname="testMethodsPackage.LinkedListTest" name="verifytryEditorforValidCode_Intro" time="8.082"/>
</testsuite> <!-- testMethodsPackage.LinkedListTest -->
