<?xml version="1.0" encoding="UTF-8"?>
<!-- Generated by org.testng.reporters.JUnitReportReporter -->
<testsuite hostname="Sridhars-MacBook-Pro.local" failures="0" tests="5" name="testMethodsPackage.LinkedListTest" time="33.839" errors="0" timestamp="2025-08-06T14:24:12 MDT" skipped="0">
  <testcase classname="testMethodsPackage.LinkedListTest" name="verifyIntroPageTitle" time="5.582"/>
  <testcase classname="testMethodsPackage.LinkedListTest" name="verifyPracticeQuestionsPageTitle_Intro" time="6.058"/>
  <testcase classname="testMethodsPackage.LinkedListTest" name="verifytryEditorPageTitle_Intro" time="8.603"/>
  <testcase classname="testMethodsPackage.LinkedListTest" name="verifytryEditorforValidCode_Intro" time="6.595"/>
  <testcase classname="testMethodsPackage.LinkedListTest" name="verifytryEditorforInvalidCode_Intro" time="7.001"/>
</testsuite> <!-- testMethodsPackage.LinkedListTest -->
